<?xml version="1.0" encoding="UTF-8"?>
<testsuite name="com.cg.generics.FindMaximumTest" tests="9" skipped="0" failures="0" errors="0" timestamp="2020-10-16T10:47:06" hostname="DESKTOP-AURK5V2" time="0.004">
  <properties/>
  <testcase name="given3String_whenGiven_ShouldReturnSecondStringMax" classname="com.cg.generics.FindMaximumTest" time="0.002"/>
  <testcase name="given3Integers_whenGiven_ShouldReturnFirstIntegerMax" classname="com.cg.generics.FindMaximumTest" time="0.0"/>
  <testcase name="given3Float_whenGiven_ShouldReturnFirstFloatMax" classname="com.cg.generics.FindMaximumTest" time="0.0"/>
  <testcase name="given3Integers_whenGiven_ShouldReturnThirdIntegerMax" classname="com.cg.generics.FindMaximumTest" time="0.0"/>
  <testcase name="given3String_whenGiven_ShouldReturnFirstStringMax" classname="com.cg.generics.FindMaximumTest" time="0.0"/>
  <testcase name="given3Float_whenGiven_ShouldReturnSecondFloatMax" classname="com.cg.generics.FindMaximumTest" time="0.0"/>
  <testcase name="given3String_whenGiven_ShouldReturnThirdStringMax" classname="com.cg.generics.FindMaximumTest" time="0.0"/>
  <testcase name="given3Float_whenGiven_ShouldReturnThirdFloatMax" classname="com.cg.generics.FindMaximumTest" time="0.0"/>
  <testcase name="given3Integers_whenGiven_ShouldReturnSecondIntegerMax" classname="com.cg.generics.FindMaximumTest" time="0.0"/>
  <system-out><![CDATA[]]></system-out>
  <system-err><![CDATA[]]></system-err>
</testsuite>
