<?xml version="1.0" encoding="UTF-8"?>
<testsuite name="com.cg.generics.FindMaximumTest" tests="1" skipped="0" failures="0" errors="0" timestamp="2020-10-16T10:05:06" hostname="DESKTOP-AURK5V2" time="0.001">
  <properties/>
  <testcase name="given3String_whenGiven_ShouldReturnThirdStringMax" classname="com.cg.generics.FindMaximumTest" time="0.001"/>
  <system-out><![CDATA[]]></system-out>
  <system-err><![CDATA[]]></system-err>
</testsuite>
